
> @tarmac/web-components@0.0.1 build /Users/abhijeet.purandare/Downloads/Tarmac-Design-System-main/packages/web-components
> vite build

vite v5.4.18 building for production...
transforming...
✓ 67 modules transformed.
rendering chunks...

[vite:dts] Start generate declaration files...
computing gzip size...
dist/theme-provider.js           0.16 kB │ gzip: 0.14 kB
dist/theme-context-BRj4LHEr.js   0.55 kB │ gzip: 0.34 kB
dist/tab-group.js                2.21 kB │ gzip: 1.04 kB
dist/divider.js                  2.28 kB │ gzip: 1.01 kB
dist/status-indicator.js         2.84 kB │ gzip: 1.19 kB
dist/side-drawer.js              3.11 kB │ gzip: 1.33 kB
dist/progress-bar.js             3.11 kB │ gzip: 1.32 kB
dist/index.js                    3.45 kB │ gzip: 1.15 kB
dist/rating.js                   3.64 kB │ gzip: 1.55 kB
dist/link.js                     3.65 kB │ gzip: 1.44 kB
dist/breadcrumbs.js              3.86 kB │ gzip: 1.47 kB
dist/fab.js                      4.15 kB │ gzip: 1.69 kB
dist/spinner.js                  4.17 kB │ gzip: 1.55 kB
dist/collapse.js                 4.25 kB │ gzip: 1.78 kB
dist/coachmarks.js               4.39 kB │ gzip: 1.58 kB
dist/breadcrumb-cell.js          4.44 kB │ gzip: 1.65 kB
dist/modal.js                    4.80 kB │ gzip: 1.92 kB
dist/toggle.js                   5.29 kB │ gzip: 1.74 kB
dist/radio.js                    5.33 kB │ gzip: 1.90 kB
dist/tooltip.js                  5.33 kB │ gzip: 1.79 kB
dist/popup.js                    5.43 kB │ gzip: 2.05 kB
dist/toast.js                    5.43 kB │ gzip: 2.01 kB
dist/slider.js                   5.53 kB │ gzip: 1.86 kB
dist/stepper-icon.js             5.58 kB │ gzip: 1.80 kB
dist/tab-cell.js                 5.90 kB │ gzip: 2.09 kB
dist/textarea.js                 5.92 kB │ gzip: 1.93 kB
dist/avatar.js                   5.93 kB │ gzip: 2.07 kB
dist/badge.js                    6.05 kB │ gzip: 1.98 kB
dist/filter-dropdown.js          6.11 kB │ gzip: 2.25 kB
dist/pill.js                     6.37 kB │ gzip: 1.90 kB
dist/otp-input.js                6.76 kB │ gzip: 2.26 kB
dist/dialog-box.js               6.77 kB │ gzip: 2.32 kB
dist/snackbar.js                 7.00 kB │ gzip: 2.29 kB
dist/checkbox.js                 7.08 kB │ gzip: 2.40 kB
dist/input.js                    7.80 kB │ gzip: 2.33 kB
dist/chip.js                    10.43 kB │ gzip: 2.88 kB
dist/button.js                  11.27 kB │ gzip: 3.35 kB
dist/alert.js                   13.91 kB │ gzip: 3.34 kB
dist/index-8C405PPW.js          28.03 kB │ gzip: 8.75 kB
[vite:dts] Declaration files built in 660ms.

✓ built in 962ms
